<?xml version="1.0" encoding="UTF-8" ?>
<testsuite failures="0" time="0.364" errors="0" skipped="0" tests="6" name="GroupMember.GroupMemberDaoTest">
  <properties>
[...]
</properties>
  <testcase time="0.086" classname="GroupMember.GroupMemberDaoTest" name="testAdd"/>
  <testcase time="0.098" classname="GroupMember.GroupMemberDaoTest" name="testgetAllGroupMember"/>
  <testcase time="0.035" classname="GroupMember.GroupMemberDaoTest" name="testgetAllJoinedGroup"/>
  <testcase time="0.087" classname="GroupMember.GroupMemberDaoTest" name="testgetAllRequestedGroup"/>
  <testcase time="0.038" classname="GroupMember.GroupMemberDaoTest" name="testgetAllRequest"/>
  <testcase time="0.02" classname="GroupMember.GroupMemberDaoTest" name="testgetGroupMemberforRequest"/>
</testsuite>